# JRE version: OpenJDK Runtime Environment (17.0.6) (build 17.0.6+0-b2043.56-10027231)
# Java VM: OpenJDK 64-Bit Server VM (17.0.6+0-b2043.56-10027231, mixed mode, tiered, compressed oops, compressed class ptrs, g1 gc, windows-amd64)
GC Precious Log:
 CPUs: 4 total, 4 available
 Memory: 8038M
 Large Page Support: Disabled
 NUMA Support: Disabled
 Compressed Oops: Enabled (32-bit)
 Heap Region Size: 1M
 Heap Min Capacity: 8M
 Heap Initial Capacity: 126M
 Heap Max Capacity: 2G
 Pre-touch: Disabled
 Parallel Workers: 4
 Concurrent Workers: 1
 Concurrent Refinement Workers: 4
 Periodic GC: Disabled
Heap:
 garbage-first heap   total 184320K, used 106170K [0x0000000080000000, 0x0000000100000000)
  region size 1024K, 4 young (4096K), 4 survivors (4096K)
 Metaspace       used 103944K, committed 104704K, reserved 1146880K
  class space    used 14346K, committed 14720K, reserved 1048576K
GC Heap History (20 events):
Event: 16.642 GC heap after
{Heap after GC invocations=42 (full 0):
 garbage-first heap   total 168960K, used 66963K [0x0000000080000000, 0x0000000100000000)
  region size 1024K, 1 young (1024K), 1 survivors (1024K)
 Metaspace       used 81650K, committed 82240K, reserved 1122304K
  class space    used 11104K, committed 11392K, reserved 1048576K
}
Event: 17.823 GC heap before
{Heap before GC invocations=42 (full 0):
 garbage-first heap   total 168960K, used 131475K [0x0000000080000000, 0x0000000100000000)
  region size 1024K, 64 young (65536K), 1 survivors (1024K)
 Metaspace       used 84138K, committed 84736K, reserved 1122304K
  class space    used 11553K, committed 11840K, reserved 1048576K
}
Event: 17.833 GC heap after
{Heap after GC invocations=43 (full 0):
 garbage-first heap   total 168960K, used 75523K [0x0000000080000000, 0x0000000100000000)
  region size 1024K, 8 young (8192K), 8 survivors (8192K)
 Metaspace       used 84138K, committed 84736K, reserved 1122304K
  class space    used 11553K, committed 11840K, reserved 1048576K
}
Event: 19.142 GC heap before
{Heap before GC invocations=43 (full 0):
 garbage-first heap   total 168960K, used 130819K [0x0000000080000000, 0x0000000100000000)
  region size 1024K, 63 young (64512K), 8 survivors (8192K)
 Metaspace       used 84814K, committed 85440K, reserved 1122304K
  class space    used 11612K, committed 11904K, reserved 1048576K
}
Event: 19.158 GC heap after
{Heap after GC invocations=44 (full 0):
 garbage-first heap   total 168960K, used 80276K [0x0000000080000000, 0x0000000100000000)
  region size 1024K, 5 young (5120K), 5 survivors (5120K)
 Metaspace       used 84814K, committed 85440K, reserved 1122304K
  class space    used 11612K, committed 11904K, reserved 1048576K
}
Event: 20.393 GC heap before
{Heap before GC invocations=44 (full 0):
 garbage-first heap   total 168960K, used 133524K [0x0000000080000000, 0x0000000100000000)
  region size 1024K, 58 young (59392K), 5 survivors (5120K)
 Metaspace       used 85546K, committed 86144K, reserved 1130496K
  class space    used 11658K, committed 11968K, reserved 1048576K
}
Event: 20.405 GC heap after
{Heap after GC invocations=45 (full 0):
 garbage-first heap   total 168960K, used 84857K [0x0000000080000000, 0x0000000100000000)
  region size 1024K, 5 young (5120K), 5 survivors (5120K)
 Metaspace       used 85546K, committed 86144K, reserved 1130496K
  class space    used 11658K, committed 11968K, reserved 1048576K
}
Event: 21.606 GC heap before
{Heap before GC invocations=45 (full 0):
 garbage-first heap   total 168960K, used 124793K [0x0000000080000000, 0x0000000100000000)
  region size 1024K, 46 young (47104K), 5 survivors (5120K)
 Metaspace       used 85867K, committed 86528K, reserved 1130496K
  class space    used 11713K, committed 12032K, reserved 1048576K
}
Event: 21.619 GC heap after
{Heap after GC invocations=46 (full 0):
 garbage-first heap   total 168960K, used 87754K [0x0000000080000000, 0x0000000100000000)
  region size 1024K, 3 young (3072K), 3 survivors (3072K)
 Metaspace       used 85867K, committed 86528K, reserved 1130496K
  class space    used 11713K, committed 12032K, reserved 1048576K
}
Event: 22.892 GC heap before
{Heap before GC invocations=47 (full 0):
 garbage-first heap   total 168960K, used 142026K [0x0000000080000000, 0x0000000100000000)
  region size 1024K, 52 young (53248K), 3 survivors (3072K)
 Metaspace       used 92951K, committed 93568K, reserved 1130496K
  class space    used 12646K, committed 12928K, reserved 1048576K
}
Event: 22.906 GC heap after
{Heap after GC invocations=48 (full 0):
 garbage-first heap   total 168960K, used 96256K [0x0000000080000000, 0x0000000100000000)
  region size 1024K, 7 young (7168K), 7 survivors (7168K)
 Metaspace       used 92951K, committed 93568K, reserved 1130496K
  class space    used 12646K, committed 12928K, reserved 1048576K
}
Event: 22.915 GC heap before
{Heap before GC invocations=48 (full 0):
 garbage-first heap   total 168960K, used 97280K [0x0000000080000000, 0x0000000100000000)
  region size 1024K, 8 young (8192K), 7 survivors (7168K)
 Metaspace       used 92986K, committed 93568K, reserved 1130496K
  class space    used 12646K, committed 12928K, reserved 1048576K
}
Event: 22.925 GC heap after
{Heap after GC invocations=49 (full 0):
 garbage-first heap   total 168960K, used 97047K [0x0000000080000000, 0x0000000100000000)
  region size 1024K, 1 young (1024K), 1 survivors (1024K)
 Metaspace       used 92986K, committed 93568K, reserved 1130496K
  class space    used 12646K, committed 12928K, reserved 1048576K
}
Event: 23.731 GC heap before
{Heap before GC invocations=49 (full 0):
 garbage-first heap   total 168960K, used 134935K [0x0000000080000000, 0x0000000100000000)
  region size 1024K, 39 young (39936K), 1 survivors (1024K)
 Metaspace       used 99121K, committed 99712K, reserved 1138688K
  class space    used 13611K, committed 13888K, reserved 1048576K
}
Event: 23.738 GC heap after
{Heap after GC invocations=50 (full 0):
 garbage-first heap   total 168960K, used 99261K [0x0000000080000000, 0x0000000100000000)
  region size 1024K, 4 young (4096K), 4 survivors (4096K)
 Metaspace       used 99121K, committed 99712K, reserved 1138688K
  class space    used 13611K, committed 13888K, reserved 1048576K
}
Event: 24.909 GC heap before
{Heap before GC invocations=51 (full 0):
 garbage-first heap   total 184320K, used 136125K [0x0000000080000000, 0x0000000100000000)
  region size 1024K, 41 young (41984K), 4 survivors (4096K)
 Metaspace       used 102101K, committed 102784K, reserved 1138688K
  class space    used 14046K, committed 14336K, reserved 1048576K
}
Event: 24.918 GC heap after
{Heap after GC invocations=52 (full 0):
 garbage-first heap   total 184320K, used 101671K [0x0000000080000000, 0x0000000100000000)
  region size 1024K, 6 young (6144K), 6 survivors (6144K)
 Metaspace       used 102101K, committed 102784K, reserved 1138688K
  class space    used 14046K, committed 14336K, reserved 1048576K
}
Event: 25.023 GC heap before
{Heap before GC invocations=52 (full 0):
 garbage-first heap   total 184320K, used 103719K [0x0000000080000000, 0x0000000100000000)
  region size 1024K, 9 young (9216K), 6 survivors (6144K)
 Metaspace       used 102250K, committed 102912K, reserved 1138688K
  class space    used 14058K, committed 14336K, reserved 1048576K
}
Event: 25.034 GC heap after
{Heap after GC invocations=53 (full 0):
 garbage-first heap   total 184320K, used 102038K [0x0000000080000000, 0x0000000100000000)
  region size 1024K, 2 young (2048K), 2 survivors (2048K)
 Metaspace       used 102250K, committed 102912K, reserved 1138688K
  class space    used 14058K, committed 14336K, reserved 1048576K
}
Event: 26.201 GC heap before
{Heap before GC invocations=53 (full 0):
 garbage-first heap   total 184320K, used 155286K [0x0000000080000000, 0x0000000100000000)
  region size 1024K, 48 young (49152K), 2 survivors (2048K)
 Metaspace       used 103944K, committed 104704K, reserved 1146880K
  class space    used 14346K, committed 14720K, reserved 1048576K
}

