# JRE version: OpenJDK Runtime Environment (17.0.6) (build 17.0.6+0-b2043.56-10027231)
# Java VM: OpenJDK 64-Bit Server VM (17.0.6+0-b2043.56-10027231, mixed mode, tiered, compressed oops, compressed class ptrs, g1 gc, windows-amd64)
GC Precious Log:
 CPUs: 4 total, 4 available
 Memory: 8038M
 Large Page Support: Disabled
 NUMA Support: Disabled
 Compressed Oops: Enabled (32-bit)
 Heap Region Size: 1M
 Heap Min Capacity: 8M
 Heap Initial Capacity: 126M
 Heap Max Capacity: 2G
 Pre-touch: Disabled
 Parallel Workers: 4
 Concurrent Workers: 1
 Concurrent Refinement Workers: 4
 Periodic GC: Disabled
Heap:
 garbage-first heap   total 256000K, used 186228K [0x0000000080000000, 0x0000000100000000)
  region size 1024K, 86 young (88064K), 5 survivors (5120K)
 Metaspace       used 123293K, committed 124032K, reserved 1163264K
  class space    used 16743K, committed 17088K, reserved 1048576K
GC Heap History (20 events):
Event: 24.956 GC heap before
{Heap before GC invocations=48 (full 0):
 garbage-first heap   total 116736K, used 68954K [0x0000000080000000, 0x0000000100000000)
  region size 1024K, 5 young (5120K), 4 survivors (4096K)
 Metaspace       used 81906K, committed 82496K, reserved 1122304K
  class space    used 11123K, committed 11392K, reserved 1048576K
}
Event: 24.962 GC heap after
{Heap after GC invocations=49 (full 0):
 garbage-first heap   total 116736K, used 68026K [0x0000000080000000, 0x0000000100000000)
  region size 1024K, 1 young (1024K), 1 survivors (1024K)
 Metaspace       used 81906K, committed 82496K, reserved 1122304K
  class space    used 11123K, committed 11392K, reserved 1048576K
}
Event: 25.414 GC heap before
{Heap before GC invocations=49 (full 0):
 garbage-first heap   total 116736K, used 95674K [0x0000000080000000, 0x0000000100000000)
  region size 1024K, 28 young (28672K), 1 survivors (1024K)
 Metaspace       used 82024K, committed 82688K, reserved 1122304K
  class space    used 11135K, committed 11456K, reserved 1048576K
}
Event: 25.420 GC heap after
{Heap after GC invocations=50 (full 0):
 garbage-first heap   total 116736K, used 72693K [0x0000000080000000, 0x0000000100000000)
  region size 1024K, 4 young (4096K), 4 survivors (4096K)
 Metaspace       used 82024K, committed 82688K, reserved 1122304K
  class space    used 11135K, committed 11456K, reserved 1048576K
}
Event: 26.472 GC heap before
{Heap before GC invocations=51 (full 0):
 garbage-first heap   total 128000K, used 94197K [0x0000000080000000, 0x0000000100000000)
  region size 1024K, 26 young (26624K), 4 survivors (4096K)
 Metaspace       used 83817K, committed 84480K, reserved 1122304K
  class space    used 11480K, committed 11776K, reserved 1048576K
}
Event: 26.481 GC heap after
{Heap after GC invocations=52 (full 0):
 garbage-first heap   total 128000K, used 76255K [0x0000000080000000, 0x0000000100000000)
  region size 1024K, 4 young (4096K), 4 survivors (4096K)
 Metaspace       used 83817K, committed 84480K, reserved 1122304K
  class space    used 11480K, committed 11776K, reserved 1048576K
}
Event: 26.564 GC heap before
{Heap before GC invocations=52 (full 0):
 garbage-first heap   total 128000K, used 78303K [0x0000000080000000, 0x0000000100000000)
  region size 1024K, 6 young (6144K), 4 survivors (4096K)
 Metaspace       used 83972K, committed 84608K, reserved 1122304K
  class space    used 11502K, committed 11776K, reserved 1048576K
}
Event: 26.571 GC heap after
{Heap after GC invocations=53 (full 0):
 garbage-first heap   total 128000K, used 76371K [0x0000000080000000, 0x0000000100000000)
  region size 1024K, 1 young (1024K), 1 survivors (1024K)
 Metaspace       used 83972K, committed 84608K, reserved 1122304K
  class space    used 11502K, committed 11776K, reserved 1048576K
}
Event: 28.180 GC heap before
{Heap before GC invocations=53 (full 0):
 garbage-first heap   total 128000K, used 102995K [0x0000000080000000, 0x0000000100000000)
  region size 1024K, 28 young (28672K), 1 survivors (1024K)
 Metaspace       used 84435K, committed 85120K, reserved 1130496K
  class space    used 11573K, committed 11904K, reserved 1048576K
}
Event: 28.187 GC heap after
{Heap after GC invocations=54 (full 0):
 garbage-first heap   total 256000K, used 77976K [0x0000000080000000, 0x0000000100000000)
  region size 1024K, 3 young (3072K), 3 survivors (3072K)
 Metaspace       used 84435K, committed 85120K, reserved 1130496K
  class space    used 11573K, committed 11904K, reserved 1048576K
}
Event: 31.259 GC heap before
{Heap before GC invocations=55 (full 0):
 garbage-first heap   total 256000K, used 213144K [0x0000000080000000, 0x0000000100000000)
  region size 1024K, 115 young (117760K), 3 survivors (3072K)
 Metaspace       used 91263K, committed 91904K, reserved 1130496K
  class space    used 12306K, committed 12608K, reserved 1048576K
}
Event: 31.269 GC heap after
{Heap after GC invocations=56 (full 0):
 garbage-first heap   total 256000K, used 82449K [0x0000000080000000, 0x0000000100000000)
  region size 1024K, 7 young (7168K), 7 survivors (7168K)
 Metaspace       used 91263K, committed 91904K, reserved 1130496K
  class space    used 12306K, committed 12608K, reserved 1048576K
}
Event: 31.357 GC heap before
{Heap before GC invocations=56 (full 0):
 garbage-first heap   total 256000K, used 86545K [0x0000000080000000, 0x0000000100000000)
  region size 1024K, 12 young (12288K), 7 survivors (7168K)
 Metaspace       used 91448K, committed 92096K, reserved 1130496K
  class space    used 12329K, committed 12672K, reserved 1048576K
}
Event: 31.364 GC heap after
{Heap after GC invocations=57 (full 0):
 garbage-first heap   total 256000K, used 83173K [0x0000000080000000, 0x0000000100000000)
  region size 1024K, 2 young (2048K), 2 survivors (2048K)
 Metaspace       used 91448K, committed 92096K, reserved 1130496K
  class space    used 12329K, committed 12672K, reserved 1048576K
}
Event: 35.462 GC heap before
{Heap before GC invocations=57 (full 0):
 garbage-first heap   total 256000K, used 201957K [0x0000000080000000, 0x0000000100000000)
  region size 1024K, 118 young (120832K), 2 survivors (2048K)
 Metaspace       used 97707K, committed 98368K, reserved 1138688K
  class space    used 13118K, committed 13440K, reserved 1048576K
}
Event: 35.484 GC heap after
{Heap after GC invocations=58 (full 0):
 garbage-first heap   total 256000K, used 90256K [0x0000000080000000, 0x0000000100000000)
  region size 1024K, 9 young (9216K), 9 survivors (9216K)
 Metaspace       used 97707K, committed 98368K, reserved 1138688K
  class space    used 13118K, committed 13440K, reserved 1048576K
}
Event: 39.687 GC heap before
{Heap before GC invocations=58 (full 0):
 garbage-first heap   total 256000K, used 202896K [0x0000000080000000, 0x0000000100000000)
  region size 1024K, 120 young (122880K), 9 survivors (9216K)
 Metaspace       used 100172K, committed 100800K, reserved 1138688K
  class space    used 13399K, committed 13696K, reserved 1048576K
}
Event: 39.704 GC heap after
{Heap after GC invocations=59 (full 0):
 garbage-first heap   total 256000K, used 98889K [0x0000000080000000, 0x0000000100000000)
  region size 1024K, 9 young (9216K), 9 survivors (9216K)
 Metaspace       used 100172K, committed 100800K, reserved 1138688K
  class space    used 13399K, committed 13696K, reserved 1048576K
}
Event: 44.622 GC heap before
{Heap before GC invocations=59 (full 0):
 garbage-first heap   total 256000K, used 211529K [0x0000000080000000, 0x0000000100000000)
  region size 1024K, 114 young (116736K), 9 survivors (9216K)
 Metaspace       used 111670K, committed 112448K, reserved 1146880K
  class space    used 14905K, committed 15296K, reserved 1048576K
}
Event: 44.634 GC heap after
{Heap after GC invocations=60 (full 0):
 garbage-first heap   total 256000K, used 105332K [0x0000000080000000, 0x0000000100000000)
  region size 1024K, 5 young (5120K), 5 survivors (5120K)
 Metaspace       used 111670K, committed 112448K, reserved 1146880K
  class space    used 14905K, committed 15296K, reserved 1048576K
}

