# JRE version: OpenJDK Runtime Environment (17.0.6) (build 17.0.6+0-b2043.56-10027231)
# Java VM: OpenJDK 64-Bit Server VM (17.0.6+0-b2043.56-10027231, mixed mode, tiered, compressed oops, compressed class ptrs, g1 gc, windows-amd64)
GC Precious Log:
 CPUs: 4 total, 4 available
 Memory: 8038M
 Large Page Support: Disabled
 NUMA Support: Disabled
 Compressed Oops: Enabled (32-bit)
 Heap Region Size: 1M
 Heap Min Capacity: 8M
 Heap Initial Capacity: 126M
 Heap Max Capacity: 2G
 Pre-touch: Disabled
 Parallel Workers: 4
 Concurrent Workers: 1
 Concurrent Refinement Workers: 4
 Periodic GC: Disabled
Heap:
 garbage-first heap   total 369664K, used 142021K [0x0000000080000000, 0x0000000100000000)
  region size 1024K, 3 young (3072K), 3 survivors (3072K)
 Metaspace       used 128966K, committed 129920K, reserved 1163264K
  class space    used 17193K, committed 17664K, reserved 1048576K
GC Heap History (20 events):
Event: 226.958 GC heap after
{Heap after GC invocations=76 (full 0):
 garbage-first heap   total 369664K, used 185856K [0x0000000080000000, 0x0000000100000000)
  region size 1024K, 1 young (1024K), 1 survivors (1024K)
 Metaspace       used 101684K, committed 102464K, reserved 1138688K
  class space    used 13512K, committed 13888K, reserved 1048576K
}
Event: 226.961 GC heap before
{Heap before GC invocations=76 (full 0):
 garbage-first heap   total 369664K, used 189952K [0x0000000080000000, 0x0000000100000000)
  region size 1024K, 2 young (2048K), 1 survivors (1024K)
 Metaspace       used 101684K, committed 102464K, reserved 1138688K
  class space    used 13512K, committed 13888K, reserved 1048576K
}
Event: 226.962 GC heap after
{Heap after GC invocations=77 (full 0):
 garbage-first heap   total 369664K, used 185436K [0x0000000080000000, 0x0000000100000000)
  region size 1024K, 1 young (1024K), 1 survivors (1024K)
 Metaspace       used 101684K, committed 102464K, reserved 1138688K
  class space    used 13512K, committed 13888K, reserved 1048576K
}
Event: 229.712 GC heap before
{Heap before GC invocations=77 (full 0):
 garbage-first heap   total 369664K, used 264284K [0x0000000080000000, 0x0000000100000000)
  region size 1024K, 75 young (76800K), 1 survivors (1024K)
 Metaspace       used 101998K, committed 102848K, reserved 1138688K
  class space    used 13546K, committed 13952K, reserved 1048576K
}
Event: 229.725 GC heap after
{Heap after GC invocations=78 (full 0):
 garbage-first heap   total 369664K, used 186445K [0x0000000080000000, 0x0000000100000000)
  region size 1024K, 6 young (6144K), 6 survivors (6144K)
 Metaspace       used 101998K, committed 102848K, reserved 1138688K
  class space    used 13546K, committed 13952K, reserved 1048576K
}
Event: 231.049 GC heap before
{Heap before GC invocations=78 (full 0):
 garbage-first heap   total 369664K, used 249933K [0x0000000080000000, 0x0000000100000000)
  region size 1024K, 70 young (71680K), 6 survivors (6144K)
 Metaspace       used 109836K, committed 110656K, reserved 1146880K
  class space    used 14547K, committed 14912K, reserved 1048576K
}
Event: 231.062 GC heap after
{Heap after GC invocations=79 (full 0):
 garbage-first heap   total 369664K, used 192631K [0x0000000080000000, 0x0000000100000000)
  region size 1024K, 12 young (12288K), 12 survivors (12288K)
 Metaspace       used 109836K, committed 110656K, reserved 1146880K
  class space    used 14547K, committed 14912K, reserved 1048576K
}
Event: 233.196 GC heap before
{Heap before GC invocations=80 (full 0):
 garbage-first heap   total 369664K, used 264311K [0x0000000080000000, 0x0000000100000000)
  region size 1024K, 105 young (107520K), 12 survivors (12288K)
 Metaspace       used 117564K, committed 118400K, reserved 1155072K
  class space    used 15620K, committed 16000K, reserved 1048576K
}
Event: 233.219 GC heap after
{Heap after GC invocations=81 (full 0):
 garbage-first heap   total 369664K, used 174074K [0x0000000080000000, 0x0000000100000000)
  region size 1024K, 14 young (14336K), 14 survivors (14336K)
 Metaspace       used 117564K, committed 118400K, reserved 1155072K
  class space    used 15620K, committed 16000K, reserved 1048576K
}
Event: 233.282 GC heap before
{Heap before GC invocations=81 (full 0):
 garbage-first heap   total 369664K, used 177146K [0x0000000080000000, 0x0000000100000000)
  region size 1024K, 18 young (18432K), 14 survivors (14336K)
 Metaspace       used 117855K, committed 118656K, reserved 1155072K
  class space    used 15656K, committed 16000K, reserved 1048576K
}
Event: 233.303 GC heap after
{Heap after GC invocations=82 (full 0):
 garbage-first heap   total 369664K, used 144768K [0x0000000080000000, 0x0000000100000000)
  region size 1024K, 2 young (2048K), 2 survivors (2048K)
 Metaspace       used 117855K, committed 118656K, reserved 1155072K
  class space    used 15656K, committed 16000K, reserved 1048576K
}
Event: 317.471 GC heap before
{Heap before GC invocations=82 (full 0):
 garbage-first heap   total 369664K, used 327040K [0x0000000080000000, 0x0000000100000000)
  region size 1024K, 147 young (150528K), 2 survivors (2048K)
 Metaspace       used 127974K, committed 128896K, reserved 1163264K
  class space    used 17150K, committed 17600K, reserved 1048576K
}
Event: 317.486 GC heap after
{Heap after GC invocations=83 (full 0):
 garbage-first heap   total 369664K, used 146816K [0x0000000080000000, 0x0000000100000000)
  region size 1024K, 4 young (4096K), 4 survivors (4096K)
 Metaspace       used 127974K, committed 128896K, reserved 1163264K
  class space    used 17150K, committed 17600K, reserved 1048576K
}
Event: 318.448 GC heap before
{Heap before GC invocations=83 (full 0):
 garbage-first heap   total 369664K, used 186752K [0x0000000080000000, 0x0000000100000000)
  region size 1024K, 44 young (45056K), 4 survivors (4096K)
 Metaspace       used 128212K, committed 129152K, reserved 1163264K
  class space    used 17175K, committed 17600K, reserved 1048576K
}
Event: 318.461 GC heap after
{Heap after GC invocations=84 (full 0):
 garbage-first heap   total 369664K, used 150912K [0x0000000080000000, 0x0000000100000000)
  region size 1024K, 8 young (8192K), 8 survivors (8192K)
 Metaspace       used 128212K, committed 129152K, reserved 1163264K
  class space    used 17175K, committed 17600K, reserved 1048576K
}
Event: 321.958 GC heap before
{Heap before GC invocations=85 (full 0):
 garbage-first heap   total 369664K, used 301440K [0x0000000080000000, 0x0000000100000000)
  region size 1024K, 149 young (152576K), 8 survivors (8192K)
 Metaspace       used 128413K, committed 129408K, reserved 1163264K
  class space    used 17189K, committed 17664K, reserved 1048576K
}
Event: 321.983 GC heap after
{Heap after GC invocations=86 (full 0):
 garbage-first heap   total 369664K, used 150708K [0x0000000080000000, 0x0000000100000000)
  region size 1024K, 19 young (19456K), 19 survivors (19456K)
 Metaspace       used 128413K, committed 129408K, reserved 1163264K
  class space    used 17189K, committed 17664K, reserved 1048576K
}
Event: 321.989 GC heap before
{Heap before GC invocations=86 (full 0):
 garbage-first heap   total 369664K, used 151732K [0x0000000080000000, 0x0000000100000000)
  region size 1024K, 20 young (20480K), 19 survivors (19456K)
 Metaspace       used 128413K, committed 129408K, reserved 1163264K
  class space    used 17189K, committed 17664K, reserved 1048576K
}
Event: 322.011 GC heap after
{Heap after GC invocations=87 (full 0):
 garbage-first heap   total 369664K, used 141381K [0x0000000080000000, 0x0000000100000000)
  region size 1024K, 2 young (2048K), 2 survivors (2048K)
 Metaspace       used 128413K, committed 129408K, reserved 1163264K
  class space    used 17189K, committed 17664K, reserved 1048576K
}
Event: 436.455 GC heap before
{Heap before GC invocations=87 (full 0):
 garbage-first heap   total 369664K, used 328773K [0x0000000080000000, 0x0000000100000000)
  region size 1024K, 148 young (151552K), 2 survivors (2048K)
 Metaspace       used 128966K, committed 129920K, reserved 1163264K
  class space    used 17193K, committed 17664K, reserved 1048576K
}

