# JRE version: OpenJDK Runtime Environment (17.0.6) (build 17.0.6+0-b2043.56-10027231)
# Java VM: OpenJDK 64-Bit Server VM (17.0.6+0-b2043.56-10027231, mixed mode, tiered, compressed oops, compressed class ptrs, g1 gc, windows-amd64)
GC Precious Log:
 CPUs: 4 total, 4 available
 Memory: 8038M
 Large Page Support: Disabled
 NUMA Support: Disabled
 Compressed Oops: Enabled (32-bit)
 Heap Region Size: 1M
 Heap Min Capacity: 8M
 Heap Initial Capacity: 126M
 Heap Max Capacity: 2G
 Pre-touch: Disabled
 Parallel Workers: 4
 Concurrent Workers: 1
 Concurrent Refinement Workers: 4
 Periodic GC: Disabled
Heap:
 garbage-first heap   total 327680K, used 118948K [0x0000000080000000, 0x0000000100000000)
  region size 1024K, 2 young (2048K), 2 survivors (2048K)
 Metaspace       used 130726K, committed 131712K, reserved 1163264K
  class space    used 17176K, committed 17664K, reserved 1048576K
GC Heap History (20 events):
Event: 6149.909 GC heap after
{Heap after GC invocations=99 (full 0):
 garbage-first heap   total 327680K, used 207575K [0x0000000080000000, 0x0000000100000000)
  region size 1024K, 1 young (1024K), 1 survivors (1024K)
 Metaspace       used 130311K, committed 131264K, reserved 1163264K
  class space    used 17176K, committed 17664K, reserved 1048576K
}
Event: 6149.912 GC heap before
{Heap before GC invocations=99 (full 0):
 garbage-first heap   total 327680K, used 209623K [0x0000000080000000, 0x0000000100000000)
  region size 1024K, 2 young (2048K), 1 survivors (1024K)
 Metaspace       used 130311K, committed 131264K, reserved 1163264K
  class space    used 17176K, committed 17664K, reserved 1048576K
}
Event: 6149.914 GC heap after
{Heap after GC invocations=100 (full 0):
 garbage-first heap   total 327680K, used 207486K [0x0000000080000000, 0x0000000100000000)
  region size 1024K, 1 young (1024K), 1 survivors (1024K)
 Metaspace       used 130311K, committed 131264K, reserved 1163264K
  class space    used 17176K, committed 17664K, reserved 1048576K
}
Event: 6263.128 GC heap before
{Heap before GC invocations=101 (full 0):
 garbage-first heap   total 327680K, used 230014K [0x0000000080000000, 0x0000000100000000)
  region size 1024K, 73 young (74752K), 1 survivors (1024K)
 Metaspace       used 130436K, committed 131392K, reserved 1163264K
  class space    used 17176K, committed 17664K, reserved 1048576K
}
Event: 6263.207 GC heap after
{Heap after GC invocations=102 (full 0):
 garbage-first heap   total 327680K, used 165067K [0x0000000080000000, 0x0000000100000000)
  region size 1024K, 10 young (10240K), 10 survivors (10240K)
 Metaspace       used 130436K, committed 131392K, reserved 1163264K
  class space    used 17176K, committed 17664K, reserved 1048576K
}
Event: 6263.284 GC heap before
{Heap before GC invocations=102 (full 0):
 garbage-first heap   total 327680K, used 171211K [0x0000000080000000, 0x0000000100000000)
  region size 1024K, 16 young (16384K), 10 survivors (10240K)
 Metaspace       used 130439K, committed 131392K, reserved 1163264K
  class space    used 17176K, committed 17664K, reserved 1048576K
}
Event: 6263.310 GC heap after
{Heap after GC invocations=103 (full 0):
 garbage-first heap   total 327680K, used 135702K [0x0000000080000000, 0x0000000100000000)
  region size 1024K, 2 young (2048K), 2 survivors (2048K)
 Metaspace       used 130439K, committed 131392K, reserved 1163264K
  class space    used 17176K, committed 17664K, reserved 1048576K
}
Event: 6263.406 GC heap before
{Heap before GC invocations=103 (full 0):
 garbage-first heap   total 327680K, used 157206K [0x0000000080000000, 0x0000000100000000)
  region size 1024K, 16 young (16384K), 2 survivors (2048K)
 Metaspace       used 130439K, committed 131392K, reserved 1163264K
  class space    used 17176K, committed 17664K, reserved 1048576K
}
Event: 6263.461 GC heap after
{Heap after GC invocations=104 (full 0):
 garbage-first heap   total 327680K, used 143872K [0x0000000080000000, 0x0000000100000000)
  region size 1024K, 2 young (2048K), 2 survivors (2048K)
 Metaspace       used 130439K, committed 131392K, reserved 1163264K
  class space    used 17176K, committed 17664K, reserved 1048576K
}
Event: 6263.466 GC heap before
{Heap before GC invocations=104 (full 0):
 garbage-first heap   total 327680K, used 143872K [0x0000000080000000, 0x0000000100000000)
  region size 1024K, 3 young (3072K), 2 survivors (2048K)
 Metaspace       used 130439K, committed 131392K, reserved 1163264K
  class space    used 17176K, committed 17664K, reserved 1048576K
}
Event: 6263.478 GC heap after
{Heap after GC invocations=105 (full 0):
 garbage-first heap   total 327680K, used 144089K [0x0000000080000000, 0x0000000100000000)
  region size 1024K, 3 young (3072K), 3 survivors (3072K)
 Metaspace       used 130439K, committed 131392K, reserved 1163264K
  class space    used 17176K, committed 17664K, reserved 1048576K
}
Event: 6266.807 GC heap before
{Heap before GC invocations=106 (full 0):
 garbage-first heap   total 327680K, used 269017K [0x0000000080000000, 0x0000000100000000)
  region size 1024K, 117 young (119808K), 3 survivors (3072K)
 Metaspace       used 130618K, committed 131520K, reserved 1163264K
  class space    used 17176K, committed 17664K, reserved 1048576K
}
Event: 6266.828 GC heap after
{Heap after GC invocations=107 (full 0):
 garbage-first heap   total 327680K, used 157302K [0x0000000080000000, 0x0000000100000000)
  region size 1024K, 15 young (15360K), 15 survivors (15360K)
 Metaspace       used 130618K, committed 131520K, reserved 1163264K
  class space    used 17176K, committed 17664K, reserved 1048576K
}
Event: 6266.836 GC heap before
{Heap before GC invocations=107 (full 0):
 garbage-first heap   total 327680K, used 158326K [0x0000000080000000, 0x0000000100000000)
  region size 1024K, 16 young (16384K), 15 survivors (15360K)
 Metaspace       used 130622K, committed 131584K, reserved 1163264K
  class space    used 17176K, committed 17664K, reserved 1048576K
}
Event: 6266.860 GC heap after
{Heap after GC invocations=108 (full 0):
 garbage-first heap   total 327680K, used 147599K [0x0000000080000000, 0x0000000100000000)
  region size 1024K, 2 young (2048K), 2 survivors (2048K)
 Metaspace       used 130622K, committed 131584K, reserved 1163264K
  class space    used 17176K, committed 17664K, reserved 1048576K
}
Event: 6267.009 GC heap before
{Heap before GC invocations=108 (full 0):
 garbage-first heap   total 327680K, used 161935K [0x0000000080000000, 0x0000000100000000)
  region size 1024K, 17 young (17408K), 2 survivors (2048K)
 Metaspace       used 130675K, committed 131648K, reserved 1163264K
  class space    used 17176K, committed 17664K, reserved 1048576K
}
Event: 6267.013 GC heap after
{Heap after GC invocations=109 (full 0):
 garbage-first heap   total 327680K, used 147599K [0x0000000080000000, 0x0000000100000000)
  region size 1024K, 2 young (2048K), 2 survivors (2048K)
 Metaspace       used 130675K, committed 131648K, reserved 1163264K
  class space    used 17176K, committed 17664K, reserved 1048576K
}
Event: 6267.723 GC heap before
{Heap before GC invocations=110 (full 0):
 garbage-first heap   total 327680K, used 236687K [0x0000000080000000, 0x0000000100000000)
  region size 1024K, 98 young (100352K), 2 survivors (2048K)
 Metaspace       used 130726K, committed 131712K, reserved 1163264K
  class space    used 17176K, committed 17664K, reserved 1048576K
}
Event: 6267.732 GC heap after
{Heap after GC invocations=111 (full 0):
 garbage-first heap   total 327680K, used 134501K [0x0000000080000000, 0x0000000100000000)
  region size 1024K, 7 young (7168K), 7 survivors (7168K)
 Metaspace       used 130726K, committed 131712K, reserved 1163264K
  class space    used 17176K, committed 17664K, reserved 1048576K
}
Event: 6267.799 GC heap before
{Heap before GC invocations=111 (full 0):
 garbage-first heap   total 327680K, used 142693K [0x0000000080000000, 0x0000000100000000)
  region size 1024K, 16 young (16384K), 7 survivors (7168K)
 Metaspace       used 130726K, committed 131712K, reserved 1163264K
  class space    used 17176K, committed 17664K, reserved 1048576K
}

