# JRE version: OpenJDK Runtime Environment (17.0.6) (build 17.0.6+0-b2043.56-10027231)
# Java VM: OpenJDK 64-Bit Server VM (17.0.6+0-b2043.56-10027231, mixed mode, tiered, compressed oops, compressed class ptrs, g1 gc, windows-amd64)
GC Precious Log:
 CPUs: 4 total, 4 available
 Memory: 8038M
 Large Page Support: Disabled
 NUMA Support: Disabled
 Compressed Oops: Enabled (32-bit)
 Heap Region Size: 1M
 Heap Min Capacity: 8M
 Heap Initial Capacity: 126M
 Heap Max Capacity: 2G
 Pre-touch: Disabled
 Parallel Workers: 4
 Concurrent Workers: 1
 Concurrent Refinement Workers: 4
 Periodic GC: Disabled
Heap:
 garbage-first heap   total 262144K, used 109059K [0x0000000080000000, 0x0000000100000000)
  region size 1024K, 2 young (2048K), 2 survivors (2048K)
 Metaspace       used 128465K, committed 129344K, reserved 1163264K
  class space    used 17281K, committed 17664K, reserved 1048576K
GC Heap History (20 events):
Event: 3843.152 GC heap after
{Heap after GC invocations=63 (full 0):
 garbage-first heap   total 262144K, used 116274K [0x0000000080000000, 0x0000000100000000)
  region size 1024K, 6 young (6144K), 6 survivors (6144K)
 Metaspace       used 126648K, committed 127552K, reserved 1163264K
  class space    used 17156K, committed 17600K, reserved 1048576K
}
Event: 3843.275 GC heap before
{Heap before GC invocations=63 (full 0):
 garbage-first heap   total 262144K, used 121394K [0x0000000080000000, 0x0000000100000000)
  region size 1024K, 12 young (12288K), 6 survivors (6144K)
 Metaspace       used 126653K, committed 127552K, reserved 1163264K
  class space    used 17156K, committed 17600K, reserved 1048576K
}
Event: 3843.299 GC heap after
{Heap after GC invocations=64 (full 0):
 garbage-first heap   total 262144K, used 105134K [0x0000000080000000, 0x0000000100000000)
  region size 1024K, 2 young (2048K), 2 survivors (2048K)
 Metaspace       used 126653K, committed 127552K, reserved 1163264K
  class space    used 17156K, committed 17600K, reserved 1048576K
}
Event: 3843.782 GC heap before
{Heap before GC invocations=64 (full 0):
 garbage-first heap   total 262144K, used 120494K [0x0000000080000000, 0x0000000100000000)
  region size 1024K, 18 young (18432K), 2 survivors (2048K)
 Metaspace       used 126722K, committed 127552K, reserved 1163264K
  class space    used 17156K, committed 17600K, reserved 1048576K
}
Event: 3843.788 GC heap after
{Heap after GC invocations=65 (full 0):
 garbage-first heap   total 262144K, used 107909K [0x0000000080000000, 0x0000000100000000)
  region size 1024K, 4 young (4096K), 4 survivors (4096K)
 Metaspace       used 126722K, committed 127552K, reserved 1163264K
  class space    used 17156K, committed 17600K, reserved 1048576K
}
Event: 3921.688 GC heap before
{Heap before GC invocations=66 (full 0):
 garbage-first heap   total 262144K, used 238981K [0x0000000080000000, 0x0000000100000000)
  region size 1024K, 107 young (109568K), 4 survivors (4096K)
 Metaspace       used 127093K, committed 128000K, reserved 1163264K
  class space    used 17159K, committed 17600K, reserved 1048576K
}
Event: 3921.703 GC heap after
{Heap after GC invocations=67 (full 0):
 garbage-first heap   total 262144K, used 121440K [0x0000000080000000, 0x0000000100000000)
  region size 1024K, 14 young (14336K), 14 survivors (14336K)
 Metaspace       used 127093K, committed 128000K, reserved 1163264K
  class space    used 17159K, committed 17600K, reserved 1048576K
}
Event: 3921.707 GC heap before
{Heap before GC invocations=67 (full 0):
 garbage-first heap   total 262144K, used 122464K [0x0000000080000000, 0x0000000100000000)
  region size 1024K, 15 young (15360K), 14 survivors (14336K)
 Metaspace       used 127093K, committed 128000K, reserved 1163264K
  class space    used 17159K, committed 17600K, reserved 1048576K
}
Event: 3921.724 GC heap after
{Heap after GC invocations=68 (full 0):
 garbage-first heap   total 262144K, used 115712K [0x0000000080000000, 0x0000000100000000)
  region size 1024K, 2 young (2048K), 2 survivors (2048K)
 Metaspace       used 127093K, committed 128000K, reserved 1163264K
  class space    used 17159K, committed 17600K, reserved 1048576K
}
Event: 3921.885 GC heap before
{Heap before GC invocations=68 (full 0):
 garbage-first heap   total 262144K, used 148480K [0x0000000080000000, 0x0000000100000000)
  region size 1024K, 35 young (35840K), 2 survivors (2048K)
 Metaspace       used 127118K, committed 128000K, reserved 1163264K
  class space    used 17159K, committed 17600K, reserved 1048576K
}
Event: 3921.902 GC heap after
{Heap after GC invocations=69 (full 0):
 garbage-first heap   total 262144K, used 132608K [0x0000000080000000, 0x0000000100000000)
  region size 1024K, 12 young (12288K), 12 survivors (12288K)
 Metaspace       used 127118K, committed 128000K, reserved 1163264K
  class space    used 17159K, committed 17600K, reserved 1048576K
}
Event: 3924.861 GC heap before
{Heap before GC invocations=70 (full 0):
 garbage-first heap   total 262144K, used 198144K [0x0000000080000000, 0x0000000100000000)
  region size 1024K, 62 young (63488K), 12 survivors (12288K)
 Metaspace       used 127214K, committed 128064K, reserved 1163264K
  class space    used 17165K, committed 17600K, reserved 1048576K
}
Event: 3924.883 GC heap after
{Heap after GC invocations=71 (full 0):
 garbage-first heap   total 262144K, used 139264K [0x0000000080000000, 0x0000000100000000)
  region size 1024K, 8 young (8192K), 8 survivors (8192K)
 Metaspace       used 127214K, committed 128064K, reserved 1163264K
  class space    used 17165K, committed 17600K, reserved 1048576K
}
Event: 3924.892 GC heap before
{Heap before GC invocations=71 (full 0):
 garbage-first heap   total 262144K, used 142336K [0x0000000080000000, 0x0000000100000000)
  region size 1024K, 12 young (12288K), 8 survivors (8192K)
 Metaspace       used 127214K, committed 128064K, reserved 1163264K
  class space    used 17165K, committed 17600K, reserved 1048576K
}
Event: 3924.921 GC heap after
{Heap after GC invocations=72 (full 0):
 garbage-first heap   total 262144K, used 133057K [0x0000000080000000, 0x0000000100000000)
  region size 1024K, 2 young (2048K), 2 survivors (2048K)
 Metaspace       used 127214K, committed 128064K, reserved 1163264K
  class space    used 17165K, committed 17600K, reserved 1048576K
}
Event: 3925.542 GC heap before
{Heap before GC invocations=72 (full 0):
 garbage-first heap   total 262144K, used 177089K [0x0000000080000000, 0x0000000100000000)
  region size 1024K, 47 young (48128K), 2 survivors (2048K)
 Metaspace       used 127953K, committed 128832K, reserved 1163264K
  class space    used 17249K, committed 17664K, reserved 1048576K
}
Event: 3925.548 GC heap after
{Heap after GC invocations=73 (full 0):
 garbage-first heap   total 262144K, used 134646K [0x0000000080000000, 0x0000000100000000)
  region size 1024K, 4 young (4096K), 4 survivors (4096K)
 Metaspace       used 127953K, committed 128832K, reserved 1163264K
  class space    used 17249K, committed 17664K, reserved 1048576K
}
Event: 3926.232 GC heap before
{Heap before GC invocations=74 (full 0):
 garbage-first heap   total 262144K, used 183798K [0x0000000080000000, 0x0000000100000000)
  region size 1024K, 62 young (63488K), 4 survivors (4096K)
 Metaspace       used 128346K, committed 129216K, reserved 1163264K
  class space    used 17273K, committed 17664K, reserved 1048576K
}
Event: 3926.244 GC heap after
{Heap after GC invocations=75 (full 0):
 garbage-first heap   total 262144K, used 125674K [0x0000000080000000, 0x0000000100000000)
  region size 1024K, 8 young (8192K), 8 survivors (8192K)
 Metaspace       used 128346K, committed 129216K, reserved 1163264K
  class space    used 17273K, committed 17664K, reserved 1048576K
}
Event: 3926.277 GC heap before
{Heap before GC invocations=75 (full 0):
 garbage-first heap   total 262144K, used 129770K [0x0000000080000000, 0x0000000100000000)
  region size 1024K, 12 young (12288K), 8 survivors (8192K)
 Metaspace       used 128465K, committed 129344K, reserved 1163264K
  class space    used 17281K, committed 17664K, reserved 1048576K
}

