# JRE version: OpenJDK Runtime Environment (17.0.6) (build 17.0.6+0-b2043.56-10027231)
# Java VM: OpenJDK 64-Bit Server VM (17.0.6+0-b2043.56-10027231, mixed mode, tiered, compressed oops, compressed class ptrs, g1 gc, windows-amd64)
GC Precious Log:
 CPUs: 4 total, 4 available
 Memory: 8038M
 Large Page Support: Disabled
 NUMA Support: Disabled
 Compressed Oops: Enabled (32-bit)
 Heap Region Size: 1M
 Heap Min Capacity: 8M
 Heap Initial Capacity: 126M
 Heap Max Capacity: 2G
 Pre-touch: Disabled
 Parallel Workers: 4
 Concurrent Workers: 1
 Concurrent Refinement Workers: 4
 Periodic GC: Disabled
Heap:
 garbage-first heap   total 317440K, used 126516K [0x0000000080000000, 0x0000000100000000)
  region size 1024K, 3 young (3072K), 3 survivors (3072K)
 Metaspace       used 129709K, committed 130688K, reserved 1163264K
  class space    used 17284K, committed 17792K, reserved 1048576K
GC Heap History (20 events):
Event: 400.747 GC heap after
{Heap after GC invocations=70 (full 0):
 garbage-first heap   total 317440K, used 109093K [0x0000000080000000, 0x0000000100000000)
  region size 1024K, 2 young (2048K), 2 survivors (2048K)
 Metaspace       used 111434K, committed 112256K, reserved 1146880K
  class space    used 14781K, committed 15168K, reserved 1048576K
}
Event: 404.637 GC heap before
{Heap before GC invocations=70 (full 0):
 garbage-first heap   total 317440K, used 229925K [0x0000000080000000, 0x0000000100000000)
  region size 1024K, 122 young (124928K), 2 survivors (2048K)
 Metaspace       used 124579K, committed 125440K, reserved 1163264K
  class space    used 16497K, committed 16896K, reserved 1048576K
}
Event: 404.650 GC heap after
{Heap after GC invocations=71 (full 0):
 garbage-first heap   total 317440K, used 118255K [0x0000000080000000, 0x0000000100000000)
  region size 1024K, 11 young (11264K), 11 survivors (11264K)
 Metaspace       used 124579K, committed 125440K, reserved 1163264K
  class space    used 16497K, committed 16896K, reserved 1048576K
}
Event: 528.466 GC heap before
{Heap before GC invocations=72 (full 0):
 garbage-first heap   total 317440K, used 280047K [0x0000000080000000, 0x0000000100000000)
  region size 1024K, 131 young (134144K), 11 survivors (11264K)
 Metaspace       used 128754K, committed 129728K, reserved 1163264K
  class space    used 17232K, committed 17728K, reserved 1048576K
}
Event: 528.486 GC heap after
{Heap after GC invocations=73 (full 0):
 garbage-first heap   total 317440K, used 130048K [0x0000000080000000, 0x0000000100000000)
  region size 1024K, 17 young (17408K), 17 survivors (17408K)
 Metaspace       used 128754K, committed 129728K, reserved 1163264K
  class space    used 17232K, committed 17728K, reserved 1048576K
}
Event: 528.490 GC heap before
{Heap before GC invocations=73 (full 0):
 garbage-first heap   total 317440K, used 131072K [0x0000000080000000, 0x0000000100000000)
  region size 1024K, 18 young (18432K), 17 survivors (17408K)
 Metaspace       used 128754K, committed 129728K, reserved 1163264K
  class space    used 17232K, committed 17728K, reserved 1048576K
}
Event: 528.508 GC heap after
{Heap after GC invocations=74 (full 0):
 garbage-first heap   total 317440K, used 130447K [0x0000000080000000, 0x0000000100000000)
  region size 1024K, 2 young (2048K), 2 survivors (2048K)
 Metaspace       used 128754K, committed 129728K, reserved 1163264K
  class space    used 17232K, committed 17728K, reserved 1048576K
}
Event: 528.800 GC heap before
{Heap before GC invocations=74 (full 0):
 garbage-first heap   total 317440K, used 157071K [0x0000000080000000, 0x0000000100000000)
  region size 1024K, 29 young (29696K), 2 survivors (2048K)
 Metaspace       used 128775K, committed 129728K, reserved 1163264K
  class space    used 17232K, committed 17728K, reserved 1048576K
}
Event: 528.818 GC heap after
{Heap after GC invocations=75 (full 0):
 garbage-first heap   total 317440K, used 141711K [0x0000000080000000, 0x0000000100000000)
  region size 1024K, 13 young (13312K), 13 survivors (13312K)
 Metaspace       used 128775K, committed 129728K, reserved 1163264K
  class space    used 17232K, committed 17728K, reserved 1048576K
}
Event: 532.536 GC heap before
{Heap before GC invocations=76 (full 0):
 garbage-first heap   total 317440K, used 225679K [0x0000000080000000, 0x0000000100000000)
  region size 1024K, 81 young (82944K), 13 survivors (13312K)
 Metaspace       used 128954K, committed 129920K, reserved 1163264K
  class space    used 17250K, committed 17728K, reserved 1048576K
}
Event: 532.552 GC heap after
{Heap after GC invocations=77 (full 0):
 garbage-first heap   total 317440K, used 139848K [0x0000000080000000, 0x0000000100000000)
  region size 1024K, 6 young (6144K), 6 survivors (6144K)
 Metaspace       used 128954K, committed 129920K, reserved 1163264K
  class space    used 17250K, committed 17728K, reserved 1048576K
}
Event: 532.634 GC heap before
{Heap before GC invocations=77 (full 0):
 garbage-first heap   total 317440K, used 148040K [0x0000000080000000, 0x0000000100000000)
  region size 1024K, 15 young (15360K), 6 survivors (6144K)
 Metaspace       used 128956K, committed 129920K, reserved 1163264K
  class space    used 17250K, committed 17728K, reserved 1048576K
}
Event: 532.641 GC heap after
{Heap after GC invocations=78 (full 0):
 garbage-first heap   total 317440K, used 134077K [0x0000000080000000, 0x0000000100000000)
  region size 1024K, 1 young (1024K), 1 survivors (1024K)
 Metaspace       used 128956K, committed 129920K, reserved 1163264K
  class space    used 17250K, committed 17728K, reserved 1048576K
}
Event: 533.132 GC heap before
{Heap before GC invocations=78 (full 0):
 garbage-first heap   total 317440K, used 150461K [0x0000000080000000, 0x0000000100000000)
  region size 1024K, 18 young (18432K), 1 survivors (1024K)
 Metaspace       used 129151K, committed 130112K, reserved 1163264K
  class space    used 17271K, committed 17728K, reserved 1048576K
}
Event: 533.137 GC heap after
{Heap after GC invocations=79 (full 0):
 garbage-first heap   total 317440K, used 136070K [0x0000000080000000, 0x0000000100000000)
  region size 1024K, 3 young (3072K), 3 survivors (3072K)
 Metaspace       used 129151K, committed 130112K, reserved 1163264K
  class space    used 17271K, committed 17728K, reserved 1048576K
}
Event: 534.716 GC heap before
{Heap before GC invocations=80 (full 0):
 garbage-first heap   total 317440K, used 219014K [0x0000000080000000, 0x0000000100000000)
  region size 1024K, 90 young (92160K), 3 survivors (3072K)
 Metaspace       used 129620K, committed 130624K, reserved 1163264K
  class space    used 17284K, committed 17792K, reserved 1048576K
}
Event: 534.733 GC heap after
{Heap after GC invocations=81 (full 0):
 garbage-first heap   total 317440K, used 135169K [0x0000000080000000, 0x0000000100000000)
  region size 1024K, 11 young (11264K), 11 survivors (11264K)
 Metaspace       used 129620K, committed 130624K, reserved 1163264K
  class space    used 17284K, committed 17792K, reserved 1048576K
}
Event: 534.783 GC heap before
{Heap before GC invocations=81 (full 0):
 garbage-first heap   total 317440K, used 139265K [0x0000000080000000, 0x0000000100000000)
  region size 1024K, 15 young (15360K), 11 survivors (11264K)
 Metaspace       used 129662K, committed 130688K, reserved 1163264K
  class space    used 17284K, committed 17792K, reserved 1048576K
}
Event: 534.795 GC heap after
{Heap after GC invocations=82 (full 0):
 garbage-first heap   total 317440K, used 125293K [0x0000000080000000, 0x0000000100000000)
  region size 1024K, 2 young (2048K), 2 survivors (2048K)
 Metaspace       used 129662K, committed 130688K, reserved 1163264K
  class space    used 17284K, committed 17792K, reserved 1048576K
}
Event: 535.740 GC heap before
{Heap before GC invocations=82 (full 0):
 garbage-first heap   total 317440K, used 157037K [0x0000000080000000, 0x0000000100000000)
  region size 1024K, 35 young (35840K), 2 survivors (2048K)
 Metaspace       used 129709K, committed 130688K, reserved 1163264K
  class space    used 17284K, committed 17792K, reserved 1048576K
}

